<?xml version="1.0" encoding="UTF-8"?>
<testsuite xmlns:xsi="http://www.w3.org/2001/XMLSchema-instance" xsi:noNamespaceSchemaLocation="https://maven.apache.org/surefire/maven-surefire-plugin/xsd/surefire-test-report-3.0.xsd" version="3.0" name="com.crazy_ataman.calculator.CalculatorTest" time="0.205" tests="41" errors="0" skipped="0" failures="0">
  <properties>
[...]
</properties>
  <testcase name="t44estNumberTokenWithSameIndex" classname="com.crazy_ataman.calculator.CalculatorTest" time="0.075"/>
  <testcase name="testExpressionWithMultipleOperators" classname="com.crazy_ataman.calculator.CalculatorTest" time="0.003"/>
  <testcase name="t76estAddition" classname="com.crazy_ataman.calculator.CalculatorTest" time="0.013"/>
  <testcase name="testNotNullLineShouldNotTrow" classname="com.crazy_ataman.calculator.CalculatorTest" time="0.003"/>
  <testcase name="t1estEqualsWithDifferentObjectTypes" classname="com.crazy_ataman.calculator.CalculatorTest" time="0.0"/>
  <testcase name="testMinusOperation" classname="com.crazy_ataman.calculator.CalculatorTest" time="0.0"/>
  <testcase name="testPlusOperation" classname="com.crazy_ataman.calculator.CalculatorTest" time="0.0"/>
  <testcase name="t64estOperationTokenWithSameIndex" classname="com.crazy_ataman.calculator.CalculatorTest" time="0.002"/>
  <testcase name="t5estMultiplication" classname="com.crazy_ataman.calculator.CalculatorTest" time="0.002"/>
  <testcase name="testSolveValidExpression" classname="com.crazy_ataman.calculator.CalculatorTest" time="0.001"/>
  <testcase name="testOperationTokenCreation" classname="com.crazy_ataman.calculator.CalculatorTest" time="0.0"/>
  <testcase name="t2estComplexExpression" classname="com.crazy_ataman.calculator.CalculatorTest" time="0.0"/>
  <testcase name="testToString" classname="com.crazy_ataman.calculator.CalculatorTest" time="0.0"/>
  <testcase name="testResultShouldBeEmptyIfLineInvalid" classname="com.crazy_ataman.calculator.CalculatorTest" time="0.0"/>
  <testcase name="testMultiplication" classname="com.crazy_ataman.calculator.CalculatorTest" time="0.001"/>
  <testcase name="te65stSubtraction" classname="com.crazy_ataman.calculator.CalculatorTest" time="0.001"/>
  <testcase name="testResultShouldBeEmptyIfLineIsWord" classname="com.crazy_ataman.calculator.CalculatorTest" time="0.002"/>
  <testcase name="testSolveInvalidExpression" classname="com.crazy_ataman.calculator.CalculatorTest" time="0.0"/>
  <testcase name="testAddition" classname="com.crazy_ataman.calculator.CalculatorTest" time="0.0"/>
  <testcase name="testNumberTokenCreation" classname="com.crazy_ataman.calculator.CalculatorTest" time="0.0"/>
  <testcase name="testEmptyLineShouldProduceEmptyResult" classname="com.crazy_ataman.calculator.CalculatorTest" time="0.0"/>
  <testcase name="testResultShouldBeEmptyIfLineHasInvalidOperations" classname="com.crazy_ataman.calculator.CalculatorTest" time="0.01"/>
  <testcase name="t4estEqualsWithDifferentTokens" classname="com.crazy_ataman.calculator.CalculatorTest" time="0.001"/>
  <testcase name="testEqualsWithDifferentTokens" classname="com.crazy_ataman.calculator.CalculatorTest" time="0.001"/>
  <testcase name="testEqualsWithDifferentObjectTypes" classname="com.crazy_ataman.calculator.CalculatorTest" time="0.001"/>
  <testcase name="testNumberTokenWithSameIndex" classname="com.crazy_ataman.calculator.CalculatorTest" time="0.001"/>
  <testcase name="testTokenCreationWithNegativeIndex" classname="com.crazy_ataman.calculator.CalculatorTest" time="0.001"/>
  <testcase name="testNullLineShouldThrow" classname="com.crazy_ataman.calculator.CalculatorTest" time="0.003"/>
  <testcase name="testOperationTokenWithSameIndex" classname="com.crazy_ataman.calculator.CalculatorTest" time="0.0"/>
  <testcase name="testDivisionByZero" classname="com.crazy_ataman.calculator.CalculatorTest" time="0.001"/>
  <testcase name="testDivideOperation" classname="com.crazy_ataman.calculator.CalculatorTest" time="0.001"/>
  <testcase name="testHashCode" classname="com.crazy_ataman.calculator.CalculatorTest" time="0.002"/>
  <testcase name="testDivision" classname="com.crazy_ataman.calculator.CalculatorTest" time="0.001"/>
  <testcase name="testEquals" classname="com.crazy_ataman.calculator.CalculatorTest" time="0.0"/>
  <testcase name="t3estDivision" classname="com.crazy_ataman.calculator.CalculatorTest" time="0.001"/>
  <testcase name="testTokenToStringPerformance" classname="com.crazy_ataman.calculator.CalculatorTest" time="0.008"/>
  <testcase name="testSingleNumberShouldProduceEmptyResult" classname="com.crazy_ataman.calculator.CalculatorTest" time="0.0"/>
  <testcase name="testSubtraction" classname="com.crazy_ataman.calculator.CalculatorTest" time="0.0"/>
  <testcase name="testInvalidExpression" classname="com.crazy_ataman.calculator.CalculatorTest" time="0.0"/>
  <testcase name="t10estInvalidExpression" classname="com.crazy_ataman.calculator.CalculatorTest" time="0.0"/>
  <testcase name="testMultiplyOperation" classname="com.crazy_ataman.calculator.CalculatorTest" time="0.0"/>
</testsuite>